# JRE version: OpenJDK Runtime Environment (21.0.8) (build 21.0.8+-14196175-b1038.72)
# Java VM: OpenJDK 64-Bit Server VM (21.0.8+-14196175-b1038.72, mixed mode, tiered, compressed oops, compressed class ptrs, g1 gc, windows-amd64)
GC Precious Log:
 CardTable entry size: 512
 Card Set container configuration: InlinePtr #cards 5 size 8 Array Of Cards #cards 12 size 40 Howl #buckets 4 coarsen threshold 1843 Howl Bitmap #cards 512 size 80 coarsen threshold 460 Card regions per heap region 1 cards per card region 2048
 CPUs: 8 total, 8 available
 Memory: 7872M
 Large Page Support: Disabled
 NUMA Support: Disabled
 Compressed Oops: Enabled (32-bit)
 Heap Region Size: 1M
 Heap Min Capacity: 8M
 Heap Initial Capacity: 124M
 Heap Max Capacity: 2G
 Pre-touch: Disabled
 Parallel Workers: 8
 Concurrent Workers: 2
 Concurrent Refinement Workers: 8
 Periodic GC: Disabled
Heap:
 garbage-first heap   total 377856K, used 300288K [0x0000000080000000, 0x0000000100000000)
  region size 1024K, 77 young (78848K), 7 survivors (7168K)
 Metaspace       used 197175K, committed 199936K, reserved 1245184K
  class space    used 25742K, committed 27072K, reserved 1048576K
GC Heap History (20 events):
Event: 405.095 GC heap before
{Heap before GC invocations=49 (full 0):
 garbage-first heap   total 309248K, used 247612K [0x0000000080000000, 0x0000000100000000)
  region size 1024K, 60 young (61440K), 3 survivors (3072K)
 Metaspace       used 151777K, committed 154112K, reserved 1245184K
  class space    used 19912K, committed 21056K, reserved 1048576K
}
Event: 405.112 GC heap after
{Heap after GC invocations=50 (full 0):
 garbage-first heap   total 309248K, used 190160K [0x0000000080000000, 0x0000000100000000)
  region size 1024K, 8 young (8192K), 8 survivors (8192K)
 Metaspace       used 151777K, committed 154112K, reserved 1245184K
  class space    used 19912K, committed 21056K, reserved 1048576K
}
Event: 407.493 GC heap before
{Heap before GC invocations=50 (full 0):
 garbage-first heap   total 309248K, used 280272K [0x0000000080000000, 0x0000000100000000)
  region size 1024K, 96 young (98304K), 8 survivors (8192K)
 Metaspace       used 155240K, committed 157632K, reserved 1245184K
  class space    used 20349K, committed 21504K, reserved 1048576K
}
Event: 407.522 GC heap after
{Heap after GC invocations=51 (full 0):
 garbage-first heap   total 309248K, used 196474K [0x0000000080000000, 0x0000000100000000)
  region size 1024K, 12 young (12288K), 12 survivors (12288K)
 Metaspace       used 155240K, committed 157632K, reserved 1245184K
  class space    used 20349K, committed 21504K, reserved 1048576K
}
Event: 417.172 GC heap before
{Heap before GC invocations=51 (full 0):
 garbage-first heap   total 309248K, used 280442K [0x0000000080000000, 0x0000000100000000)
  region size 1024K, 94 young (96256K), 12 survivors (12288K)
 Metaspace       used 156377K, committed 158784K, reserved 1245184K
  class space    used 20400K, committed 21568K, reserved 1048576K
}
Event: 417.209 GC heap after
{Heap after GC invocations=52 (full 0):
 garbage-first heap   total 309248K, used 209135K [0x0000000080000000, 0x0000000100000000)
  region size 1024K, 12 young (12288K), 12 survivors (12288K)
 Metaspace       used 156377K, committed 158784K, reserved 1245184K
  class space    used 20400K, committed 21568K, reserved 1048576K
}
Event: 420.057 GC heap before
{Heap before GC invocations=53 (full 0):
 garbage-first heap   total 350208K, used 277743K [0x0000000080000000, 0x0000000100000000)
  region size 1024K, 79 young (80896K), 12 survivors (12288K)
 Metaspace       used 161809K, committed 164288K, reserved 1245184K
  class space    used 21129K, committed 22336K, reserved 1048576K
}
Event: 420.076 GC heap after
{Heap after GC invocations=54 (full 0):
 garbage-first heap   total 350208K, used 211461K [0x0000000080000000, 0x0000000100000000)
  region size 1024K, 3 young (3072K), 3 survivors (3072K)
 Metaspace       used 161809K, committed 164288K, reserved 1245184K
  class space    used 21129K, committed 22336K, reserved 1048576K
}
Event: 424.023 GC heap before
{Heap before GC invocations=54 (full 0):
 garbage-first heap   total 350208K, used 328197K [0x0000000080000000, 0x0000000100000000)
  region size 1024K, 111 young (113664K), 3 survivors (3072K)
 Metaspace       used 172018K, committed 174656K, reserved 1245184K
  class space    used 22579K, committed 23872K, reserved 1048576K
}
Event: 424.049 GC heap after
{Heap after GC invocations=55 (full 0):
 garbage-first heap   total 350208K, used 209769K [0x0000000080000000, 0x0000000100000000)
  region size 1024K, 10 young (10240K), 10 survivors (10240K)
 Metaspace       used 172018K, committed 174656K, reserved 1245184K
  class space    used 22579K, committed 23872K, reserved 1048576K
}
Event: 427.409 GC heap before
{Heap before GC invocations=55 (full 0):
 garbage-first heap   total 350208K, used 320361K [0x0000000080000000, 0x0000000100000000)
  region size 1024K, 119 young (121856K), 10 survivors (10240K)
 Metaspace       used 173980K, committed 176640K, reserved 1245184K
  class space    used 22833K, committed 24128K, reserved 1048576K
}
Event: 427.443 GC heap after
{Heap after GC invocations=56 (full 0):
 garbage-first heap   total 350208K, used 217428K [0x0000000080000000, 0x0000000100000000)
  region size 1024K, 15 young (15360K), 15 survivors (15360K)
 Metaspace       used 173980K, committed 176640K, reserved 1245184K
  class space    used 22833K, committed 24128K, reserved 1048576K
}
Event: 431.308 GC heap before
{Heap before GC invocations=57 (full 0):
 garbage-first heap   total 363520K, used 315732K [0x0000000080000000, 0x0000000100000000)
  region size 1024K, 110 young (112640K), 15 survivors (15360K)
 Metaspace       used 180606K, committed 183296K, reserved 1245184K
  class space    used 23737K, committed 25088K, reserved 1048576K
}
Event: 431.342 GC heap after
{Heap after GC invocations=58 (full 0):
 garbage-first heap   total 363520K, used 223682K [0x0000000080000000, 0x0000000100000000)
  region size 1024K, 7 young (7168K), 7 survivors (7168K)
 Metaspace       used 180606K, committed 183296K, reserved 1245184K
  class space    used 23737K, committed 25088K, reserved 1048576K
}
Event: 441.735 GC heap before
{Heap before GC invocations=58 (full 0):
 garbage-first heap   total 363520K, used 334274K [0x0000000080000000, 0x0000000100000000)
  region size 1024K, 116 young (118784K), 7 survivors (7168K)
 Metaspace       used 194148K, committed 196928K, reserved 1245184K
  class space    used 25443K, committed 26752K, reserved 1048576K
}
Event: 441.769 GC heap after
{Heap after GC invocations=59 (full 0):
 garbage-first heap   total 363520K, used 224132K [0x0000000080000000, 0x0000000100000000)
  region size 1024K, 14 young (14336K), 14 survivors (14336K)
 Metaspace       used 194148K, committed 196928K, reserved 1245184K
  class space    used 25443K, committed 26752K, reserved 1048576K
}
Event: 476.845 GC heap before
{Heap before GC invocations=59 (full 0):
 garbage-first heap   total 363520K, used 327556K [0x0000000080000000, 0x0000000100000000)
  region size 1024K, 116 young (118784K), 14 survivors (14336K)
 Metaspace       used 195240K, committed 198016K, reserved 1245184K
  class space    used 25526K, committed 26880K, reserved 1048576K
}
Event: 477.000 GC heap after
{Heap after GC invocations=60 (full 0):
 garbage-first heap   total 363520K, used 227027K [0x0000000080000000, 0x0000000100000000)
  region size 1024K, 11 young (11264K), 11 survivors (11264K)
 Metaspace       used 195240K, committed 198016K, reserved 1245184K
  class space    used 25526K, committed 26880K, reserved 1048576K
}
Event: 509.951 GC heap before
{Heap before GC invocations=61 (full 0):
 garbage-first heap   total 377856K, used 330451K [0x0000000080000000, 0x0000000100000000)
  region size 1024K, 114 young (116736K), 11 survivors (11264K)
 Metaspace       used 195340K, committed 198080K, reserved 1245184K
  class space    used 25538K, committed 26880K, reserved 1048576K
}
Event: 510.004 GC heap after
{Heap after GC invocations=62 (full 0):
 garbage-first heap   total 377856K, used 229632K [0x0000000080000000, 0x0000000100000000)
  region size 1024K, 7 young (7168K), 7 survivors (7168K)
 Metaspace       used 195340K, committed 198080K, reserved 1245184K
  class space    used 25538K, committed 26880K, reserved 1048576K
}

